
ROM used: 473 (6%)
          473 (6%) including unused fragments

          1 Average locations per line
          8 Average locations per statement

RAM used: 7 (2%) at main() level
          15 (4%) worst case

Stack used: 2 worst case (out of 8 total available)

Lines Stmts  %   Files
----- ----- ---  -----
   62    18  30  memoria.c
  302     0   0  ..\..\..\..\..\..\Program Files (x86)\PICC\devices\16F877.h
  110    42  70  i2c.c
----- -----
  474    60 Total

Page ROM  %  RAM   Vol Diff  Functions:
---- --- --- ---   --- ----  ----------
 Inline        3             @I2C_READ_1
0     74  16   1             @I2C_WRITE_1
0     13   3   0    32  1.0  init_ext_eeprom
0    134  28   6   313  4.0  write_ext_eeprom
0    167  35   5   216  2.9  read_ext_eeprom
0     23   5   1             @delay_ms1
0     58  12   1   472  3.3  MAIN

Program metrics:
    Functions               4
    Statements              60
    Comments                112
    Volume (V)              1388
    Difficilty (D)          11.1
    Effort to implement (E) 15355
    Time to implement (T)   14 minutes
    Est Delivered Bugs (B)  0
    Cyclomatic Complexity   1
    Maintainability (MI)    144

 Segment     Used  Free
-----------  ----  ----
00000-00003     4  0  
00004-007FF   469  1575  
00800-00FFF     0  2048  
01000-017FF     0  2048  
01800-01FFF     0  2048  



