
ROM used: 2012 (25%)
          2012 (25%) including unused fragments

          2 Average locations per line
          11 Average locations per statement

RAM used: 63 (17%) at main() level
          105 (29%) worst case

Stack used: 7 worst case (out of 8 total available)

Lines Stmts  %   Files
----- ----- ---  -----
  224    87  46  pic 2.c
  330     0   0  ..\..\..\..\..\..\Program Files (x86)\PICC\devices\16F877a.h
  110    42  22  ..\memória\i2c.c
  194    62  32  lcdkit1.c
----- -----
  858   191 Total

Page ROM  %  RAM   Vol Diff  Functions:
---- --- --- ---   --- ----  ----------
0     21   1   1             @delay_ms1
0      8   0   0             @const106
0     12   1   1   134  2.2  lcd_send_nibble
0     22   1   3   262  3.9  lcd_send_byte
0     47   2   2   449  4.7  lcd_init
 Inline        4   186  5.5  lcd_gotoxy
0     53   3   1   272  4.1  lcd_putc
0    624  31   9   626  6.1  Define_referencia
0     29   1   2             @ITOF
0    134   7  13             @MULFF
0    345  17  16             @ADDFF
 Inline        4             @SFTOI
 Inline       10             @FLT
 Inline        3   742  7.7  funcao_pwm
0     37   2   5             @DIV1616
 Inline        5             @MUL1616
0    274  14   0   542  5.7  interrupt_timer0
0    147   7   1   817  3.3  MAIN
0     16   1   0             @const198
0     72   4   3             @PSTRINGC7_130
0     21   1   3             @DIV88
0    103   5   6             @PRINTF_D_130

Program metrics:
    Functions               9
    Statements              191
    Comments                268
    Volume (V)              6206
    Difficilty (D)          41.5
    Effort to implement (E) 257728
    Time to implement (T)   3 hours, 59 minutes
    Est Delivered Bugs (B)  1
    Cyclomatic Complexity   24
    Maintainability (MI)    128

 Segment     Used  Free
-----------  ----  ----
00000-00003     4  0  
00004-0002E    43  0  
0002F-007FF  1965  36  
00800-00FFF     0  2048  
01000-017FF     0  2048  
01800-01FFF     0  2048  



