
ROM used: 906 (11%)
          906 (11%) including unused fragments

          0 Average locations per line
          2 Average locations per statement

RAM used: 15 (4%) at main() level
          32 (9%) worst case

Stack used: 4 worst case (out of 8 total available)

Lines Stmts  %   Files
----- ----- ---  -----
   97    26   4  lm35.c
  330     0   0  ..\..\..\..\..\..\Program Files (x86)\PICC\devices\16F877a.h
 1273   359  62  ..\..\..\..\..\..\Program Files (x86)\PICC\drivers\stdlib.h
   32     0   0  ..\..\..\..\..\..\Program Files (x86)\PICC\drivers\stddef.h
  409   121  21  ..\..\..\..\..\..\Program Files (x86)\PICC\drivers\string.h
   28     0   0  ..\..\..\..\..\..\Program Files (x86)\PICC\drivers\ctype.h
  165    72  12  mod_lcd.c
----- -----
 2334   578 Total

Page ROM  %  RAM   Vol Diff  Functions:
---- --- --- ---   --- ----  ----------
0     20   2   1             @delay_ms1
0     31   3   2             @ITOF
0    204  23  14             @DIVFF
0      8   1   0             @const336
0     23   3   1   260  1.9  lcd_envia_nibble
0     26   3   3   176  2.7  lcd_envia_byte
0     43   5   2   433  4.3  lcd_ini
 Inline        4   186  5.5  lcd_pos_xy
0     56   6   1   290  4.1  lcd_escreve
0    153  17   1   722  3.3  MAIN
0      8   1   0   272  4.1  @const366
0     72   8   3   226  3.8  @PSTRINGC7_351
0     33   4   4   722  3.3  @SFTOI
0    101  11   9             @PRINTF_LU_351
0     21   2   3             @DIV88
0    103  11   6             @PRINTF_D_351

Program metrics:
    Functions               9
    Statements              578
    Comments                1013
    Volume (V)              5136
    Difficilty (D)          32.0
    Effort to implement (E) 164177
    Time to implement (T)   2 hours, 32 minutes
    Est Delivered Bugs (B)  1
    Cyclomatic Complexity   12
    Maintainability (MI)    37

 Segment     Used  Free
-----------  ----  ----
00000-00003     4  0  
00004-007FF   902  1142  
00800-00FFF     0  2048  
01000-017FF     0  2048  
01800-01FFF     0  2048  



