
ROM used: 241 (3%)
          241 (3%) including unused fragments

          0 Average locations per line
          1 Average locations per statement

RAM used: 25 (14%) at main() level
          30 (17%) worst case

Lines Stmts  %   Files
----- ----- ---  -----
   67    26   5  C:\Users\Paulo\Documents\Sistemas Digitais\Conversor AD\ad.c
  303     0   0  C:\Users\Paulo\Documents\Sistemas Digitais\PICC\Devices\16f877a.h
  755   321  64  C:\Users\Paulo\Documents\Sistemas Digitais\PICC\Drivers\stdlib.h
   28     0   0  C:\Users\Paulo\Documents\Sistemas Digitais\PICC\Drivers\stddef.h
  417   126  15  C:\Users\Paulo\Documents\Sistemas Digitais\PICC\Drivers\string.h
   28     0   0  C:\Users\Paulo\Documents\Sistemas Digitais\PICC\Drivers\ctype.h
----- -----
 3196   946 Total

Page ROM  %  RAM  Functions:
---- --- --- ---  ----------
0     21   9   5  @MUL1616
0     38  16   5  @DIV1616
0     21   9   1  @delay_ms1
0    157  65  14  main

 Segment   Used  Free
---------  ----  ----
00000-00003     4  0
00004-007FF   237  1807
00800-00FFF     0  2048
01000-017FF     0  2048
01800-01FFF     0  2048

