
ROM used: 92 (1%)
          92 (1%) including unused fragments

          0 Average locations per line
          4 Average locations per statement

RAM used: 5 (3%) at main() level
          6 (3%) worst case

Lines Stmts  %   Files
----- ----- ---  -----
   69    25 100  C:\Users\Paulo\Documents\Sistemas Digitais\Leds simples\leds.c
  303     0   0  C:\Users\Paulo\Documents\Sistemas Digitais\PICC\Devices\16F877a.h
----- -----
  744    50 Total

Page ROM  %  RAM  Functions:
---- --- --- ---  ----------
0     21  23   1  @delay_ms1
0     67  73   0  main

 Segment   Used  Free
---------  ----  ----
00000-00003     4  0
00004-007FF    88  1956
00800-00FFF     0  2048
01000-017FF     0  2048
01800-01FFF     0  2048

