
ROM used: 275 (3%)
          275 (3%) including unused fragments

          1 Average locations per line
          9 Average locations per statement

RAM used: 20 (5%) at main() level
          25 (7%) worst case

Stack used: 1 worst case (out of 8 total available)

Lines Stmts  %   Files
----- ----- ---  -----
   69    29 100  pwm.c
  330     0   0  ..\..\..\..\..\Program Files (x86)\PICC\devices\16f877a.h
----- -----
  399    29 Total

Page ROM  %  RAM   Vol Diff  Functions:
---- --- --- ---   --- ----  ----------
0     21   8   1             @delay_ms1
0    192  70  14  1152  5.9  main
0     21   8   5             @MUL1616
0     37  13   5             @DIV1616

Program metrics:
    Functions               1
    Statements              29
    Comments                81
    Volume (V)              1160
    Difficilty (D)          5.7
    Effort to implement (E) 6561
    Time to implement (T)   6 minutes
    Est Delivered Bugs (B)  0
    Cyclomatic Complexity   1
    Maintainability (MI)    129

 Segment     Used  Free
-----------  ----  ----
00000-00003     4  0  
00004-007FF   271  1773  
00800-00FFF     0  2048  
01000-017FF     0  2048  
01800-01FFF     0  2048  



