
ROM used: 111 (1%)
          111 (1%) including unused fragments

          0 Average locations per line
          3 Average locations per statement

RAM used: 7 (4%) at main() level
          8 (5%) worst case

Lines Stmts  %   Files
----- ----- ---  -----
   89    38 100  C:\Users\Paulo\Documents\Sistemas Digitais\Leds com rotate\leds2.c
  303     0   0  C:\Users\Paulo\Documents\Sistemas Digitais\PICC\Devices\16F877a.h
----- -----
  784    76 Total

Page ROM  %  RAM  Functions:
---- --- --- ---  ----------
0     21  19   1  @delay_ms1
0     86  77   2  main

 Segment   Used  Free
---------  ----  ----
00000-00003     4  0
00004-007FF   107  1937
00800-00FFF     0  2048
01000-017FF     0  2048
01800-01FFF     0  2048

