
ROM used: 149 (2%)
          149 (2%) including unused fragments

          0 Average locations per line
          5 Average locations per statement

RAM used: 16 (9%) at main() level
          18 (10%) worst case

Lines Stmts  %   Files
----- ----- ---  -----
   68    28 100  C:\Users\Paulo\Documents\Sistemas Digitais\Leds com interrupção\leds3.c
  303     0   0  C:\Users\Paulo\Documents\Sistemas Digitais\PICC\Devices\16F877a.h
----- -----
  742    56 Total

Page ROM  %  RAM  Functions:
---- --- --- ---  ----------
0     21  14   1  @delay_ms1
0     16  11   0  EXT_isr
0     61  41   1  main

 Segment   Used  Free
---------  ----  ----
00000-00003     4  0
00004-00032    47  0
00033-007FF    98  1899
00800-00FFF     0  2048
01000-017FF     0  2048
01800-01FFF     0  2048

