
ROM used: 1970 (24%)
          1970 (24%) including unused fragments

          3 Average locations per line
          8 Average locations per statement

RAM used: 39 (22%) at main() level
          43 (25%) worst case

Lines Stmts  %   Files
----- ----- ---  -----
  357   241 100  C:\Users\Paulo\Documents\Sistemas Digitais\Elevador com frescura\elevador2.c
  303     0   0  C:\Users\Paulo\Documents\Sistemas Digitais\PICC\Devices\16f877a.h
----- -----
 1320   482 Total

Page ROM  %  RAM  Functions:
---- --- --- ---  ----------
0     21   1   1  @delay_ms1
0     45   2   2  ext_isr
0     84   4   2  RB_isr
0    186   9   4  SUBIR
0   1576  80  10  main

 Segment   Used  Free
---------  ----  ----
00000-00003     4  0
00004-00039    54  0
0003A-007FF  1912  78
00800-00FFF     0  2048
01000-017FF     0  2048
01800-01FFF     0  2048

